   Compiling proc-macro2 v1.0.106
   Compiling serde_core v1.0.228
   Compiling serde v1.0.228
   Compiling windows_x86_64_msvc v0.52.6
   Compiling typenum v1.17.0
   Compiling generic-array v0.14.7
   Compiling rand_core v0.6.4
   Compiling windows-sys v0.61.2
   Compiling cc v1.2.52
   Compiling fastrand v2.2.0
   Compiling smallvec v1.13.2
error: linker `link.exe` not found
  |
  = note: program not found

note: the msvc targets depend on the msvc linker but `link.exe` was not found

note: please ensure that Visual Studio 2017 or later, or Build Tools for Visual Studio were installed with the Visual C++ option

note: VS Code is a different product, and is not sufficient

error: could not compile `generic-array` (build script) due to 1 previous error
warning: build failed, waiting for other jobs to finish...
error: could not compile `windows_x86_64_msvc` (build script) due to 1 previous error
error: could not compile `serde` (build script) due to 1 previous error
error: could not compile `serde_core` (build script) due to 1 previous error
error: could not compile `serde_core` (build script) due to 1 previous error
error: could not compile `proc-macro2` (build script) due to 1 previous error
error: could not compile `typenum` (build script) due to 1 previous error
